c:\users\김하원\source\repos\algorithm\algorithm\debug\vc142.pdb
c:\users\김하원\source\repos\algorithm\algorithm\debug\vc142.idb
c:\users\김하원\source\repos\algorithm\algorithm\debug\소스.obj
c:\users\김하원\source\repos\algorithm\algorithm\debug\프로그래머스.obj
c:\users\김하원\source\repos\algorithm\algorithm\debug\백준넷.obj
c:\users\김하원\source\repos\algorithm\algorithm\debug\미완.obj
e:\workspace\git\rndproject\rndproject\algorithm\algorithm\debug\vc142.pdb
e:\workspace\git\rndproject\rndproject\algorithm\algorithm\debug\vc142.idb
e:\workspace\git\rndproject\rndproject\algorithm\algorithm\debug\프로그래머스.obj
e:\workspace\git\rndproject\rndproject\algorithm\algorithm\debug\백준넷.obj
e:\workspace\git\rndproject\rndproject\algorithm\algorithm\debug\미완.obj
c:\users\김하원\source\repos\algorithm\algorithm\debug\algorithm.ilk
c:\users\김하원\source\repos\algorithm\debug\algorithm.exe
c:\users\김하원\source\repos\algorithm\debug\algorithm.pdb
e:\workspace\git\rndproject\rndproject\algorithm\algorithm\debug\algorithm.exe
e:\workspace\git\rndproject\rndproject\algorithm\algorithm\debug\algorithm.ilk
e:\workspace\git\rndproject\rndproject\algorithm\algorithm\debug\algorithm.pdb
e:\workspace\git\rndproject\rndproject\algorithm\algorithm\debug\성공.obj
e:\workspace\git\rndproject\rndproject\algorithm\algorithm\debug\소스.obj.enc
e:\workspace\git\rndproject\rndproject\algorithm\algorithm\debug\algorithm.tlog\cl.command.1.tlog
e:\workspace\git\rndproject\rndproject\algorithm\algorithm\debug\algorithm.tlog\cl.read.1.tlog
e:\workspace\git\rndproject\rndproject\algorithm\algorithm\debug\algorithm.tlog\cl.write.1.tlog
e:\workspace\git\rndproject\rndproject\algorithm\algorithm\debug\algorithm.tlog\link.command.1.tlog
e:\workspace\git\rndproject\rndproject\algorithm\algorithm\debug\algorithm.tlog\link.read.1.tlog
e:\workspace\git\rndproject\rndproject\algorithm\algorithm\debug\algorithm.tlog\link.write.1.tlog
